<?xml version="1.0" encoding="UTF-8"?>
<!-- Generated by org.testng.reporters.JUnitReportReporter -->
<testsuite hostname="Anuprerna" failures="0" tests="1" name="ReportGenerate1.DoctorMerge" time="0.009" errors="0" timestamp="2024-10-23T11:09:07 IST" skipped="0">
  <testcase classname="ReportGenerate1.DoctorMerge" name="f" time="0.009"/>
</testsuite> <!-- ReportGenerate1.DoctorMerge -->
