<?xml version="1.0" encoding="UTF-8"?>
<!-- Generated by org.testng.reporters.JUnitReportReporter -->
<testsuite hostname="Anuprerna" failures="0" tests="1" name="ReportGenerate1.DoctorMergeTestngReport" time="0.009" errors="0" timestamp="2024-10-25T11:45:24 IST" skipped="0">
  <testcase classname="ReportGenerate1.DoctorMergeTestngReport" name="f" time="0.009"/>
</testsuite> <!-- ReportGenerate1.DoctorMergeTestngReport -->
