<?xml version="1.0" encoding="UTF-8"?>
<!-- Generated by org.testng.reporters.JUnitReportReporter -->
<testsuite hostname="Anuprerna" failures="0" tests="1" name="ReportGenerate1.DoctorMergeTestngReport" time="0.007" errors="0" timestamp="2024-11-07T12:50:20 IST" skipped="0">
  <testcase classname="ReportGenerate1.DoctorMergeTestngReport" name="f" time="0.007"/>
</testsuite> <!-- ReportGenerate1.DoctorMergeTestngReport -->
